<?xml version="1.0" encoding="UTF-8"?>
<coverage generated="1619641067752" clover="3.2.0">
  <project timestamp="1619641067752" name="All files">
    <metrics statements="80" coveredstatements="80" conditionals="34" coveredconditionals="34" methods="17" coveredmethods="13" elements="131" coveredelements="127" complexity="0" loc="80" ncloc="80" packages="2" files="2" classes="2"/>
    <package name="js">
      <metrics statements="68" coveredstatements="68" conditionals="34" coveredconditionals="34" methods="11" coveredmethods="11"/>
      <file name="util.js" path="C:\Users\ehajrau\Desktop\Rental-Company\js\util.js">
        <metrics statements="68" coveredstatements="68" conditionals="34" coveredconditionals="34" methods="11" coveredmethods="11"/>
        <line num="1" count="1" type="stmt"/>
        <line num="35" count="1" type="stmt"/>
        <line num="51" count="1" type="stmt"/>
        <line num="52" count="1" type="stmt"/>
        <line num="53" count="1" type="stmt"/>
        <line num="54" count="1" type="stmt"/>
        <line num="55" count="1" type="stmt"/>
        <line num="56" count="1" type="stmt"/>
        <line num="59" count="9" type="stmt"/>
        <line num="61" count="5" type="cond" truecount="6" falsecount="0"/>
        <line num="62" count="2" type="stmt"/>
        <line num="63" count="2" type="stmt"/>
        <line num="66" count="5" type="stmt"/>
        <line num="70" count="4" type="stmt"/>
        <line num="72" count="4" type="cond" truecount="4" falsecount="0"/>
        <line num="73" count="3" type="stmt"/>
        <line num="74" count="8" type="stmt"/>
        <line num="76" count="8" type="cond" truecount="2" falsecount="0"/>
        <line num="77" count="6" type="cond" truecount="2" falsecount="0"/>
        <line num="78" count="4" type="cond" truecount="2" falsecount="0"/>
        <line num="82" count="4" type="stmt"/>
        <line num="86" count="7" type="stmt"/>
        <line num="88" count="7" type="cond" truecount="4" falsecount="0"/>
        <line num="89" count="2" type="stmt"/>
        <line num="90" count="5" type="cond" truecount="2" falsecount="0"/>
        <line num="91" count="2" type="stmt"/>
        <line num="93" count="3" type="stmt"/>
        <line num="96" count="7" type="stmt"/>
        <line num="100" count="7" type="stmt"/>
        <line num="102" count="7" type="cond" truecount="4" falsecount="0"/>
        <line num="103" count="3" type="stmt"/>
        <line num="105" count="7" type="stmt"/>
        <line num="108" count="1" type="stmt"/>
        <line num="109" count="7" type="stmt"/>
        <line num="111" count="7" type="cond" truecount="4" falsecount="0"/>
        <line num="112" count="12" type="stmt"/>
        <line num="114" count="7" type="stmt"/>
        <line num="117" count="1" type="stmt"/>
        <line num="118" count="7" type="cond" truecount="4" falsecount="0"/>
        <line num="122" count="4" type="stmt"/>
        <line num="123" count="1" type="stmt"/>
        <line num="124" count="2" type="stmt"/>
        <line num="125" count="2" type="stmt"/>
        <line num="126" count="2" type="stmt"/>
        <line num="127" count="2" type="stmt"/>
        <line num="130" count="1" type="stmt"/>
        <line num="131" count="1" type="stmt"/>
        <line num="132" count="1" type="stmt"/>
        <line num="133" count="1" type="stmt"/>
        <line num="134" count="1" type="stmt"/>
        <line num="135" count="1" type="stmt"/>
        <line num="137" count="1" type="stmt"/>
        <line num="140" count="1" type="stmt"/>
        <line num="141" count="1" type="stmt"/>
        <line num="142" count="1" type="stmt"/>
        <line num="143" count="1" type="stmt"/>
        <line num="144" count="1" type="stmt"/>
        <line num="145" count="1" type="stmt"/>
        <line num="146" count="1" type="stmt"/>
        <line num="147" count="1" type="stmt"/>
        <line num="148" count="1" type="stmt"/>
        <line num="150" count="1" type="stmt"/>
        <line num="151" count="1" type="stmt"/>
        <line num="152" count="1" type="stmt"/>
        <line num="153" count="1" type="stmt"/>
        <line num="154" count="1" type="stmt"/>
        <line num="155" count="1" type="stmt"/>
        <line num="156" count="1" type="stmt"/>
      </file>
    </package>
    <package name="tests">
      <metrics statements="12" coveredstatements="12" conditionals="0" coveredconditionals="0" methods="6" coveredmethods="2"/>
      <file name="mock.js" path="C:\Users\ehajrau\Desktop\Rental-Company\tests\mock.js">
        <metrics statements="12" coveredstatements="12" conditionals="0" coveredconditionals="0" methods="6" coveredmethods="2"/>
        <line num="1" count="13" type="stmt"/>
        <line num="35" count="1" type="stmt"/>
        <line num="51" count="1" type="stmt"/>
        <line num="52" count="1" type="stmt"/>
        <line num="53" count="1" type="stmt"/>
        <line num="54" count="1" type="stmt"/>
        <line num="57" count="1" type="stmt"/>
        <line num="58" count="1" type="stmt"/>
        <line num="59" count="1" type="stmt"/>
        <line num="60" count="1" type="stmt"/>
        <line num="61" count="1" type="stmt"/>
        <line num="62" count="1" type="stmt"/>
      </file>
    </package>
  </project>
</coverage>
