{"C:\\Users\\ehajrau\\Desktop\\Rental-Company\\js\\util.js": {"path":"C:\\Users\\ehajrau\\Desktop\\Rental-Company\\js\\util.js","statementMap":{"0":{"start":{"line":1,"column":15},"end":{"line":33,"column":1}},"1":{"start":{"line":35,"column":16},"end":{"line":49,"column":1}},"2":{"start":{"line":51,"column":26},"end":{"line":51,"column":27}},"3":{"start":{"line":52,"column":27},"end":{"line":52,"column":28}},"4":{"start":{"line":53,"column":23},"end":{"line":53,"column":25}},"5":{"start":{"line":54,"column":24},"end":{"line":54,"column":26}},"6":{"start":{"line":55,"column":28},"end":{"line":55,"column":29}},"7":{"start":{"line":56,"column":25},"end":{"line":56,"column":26}},"8":{"start":{"line":59,"column":25},"end":{"line":59,"column":72}},"9":{"start":{"line":59,"column":53},"end":{"line":59,"column":71}},"10":{"start":{"line":61,"column":4},"end":{"line":64,"column":5}},"11":{"start":{"line":62,"column":8},"end":{"line":62,"column":44}},"12":{"start":{"line":63,"column":8},"end":{"line":63,"column":40}},"13":{"start":{"line":66,"column":4},"end":{"line":66,"column":24}},"14":{"start":{"line":70,"column":17},"end":{"line":70,"column":52}},"15":{"start":{"line":72,"column":4},"end":{"line":80,"column":5}},"16":{"start":{"line":73,"column":8},"end":{"line":79,"column":9}},"17":{"start":{"line":73,"column":21},"end":{"line":73,"column":22}},"18":{"start":{"line":74,"column":26},"end":{"line":74,"column":41}},"19":{"start":{"line":76,"column":12},"end":{"line":78,"column":71}},"20":{"start":{"line":76,"column":33},"end":{"line":76,"column":65}},"21":{"start":{"line":77,"column":17},"end":{"line":78,"column":71}},"22":{"start":{"line":77,"column":38},"end":{"line":77,"column":77}},"23":{"start":{"line":78,"column":17},"end":{"line":78,"column":71}},"24":{"start":{"line":78,"column":38},"end":{"line":78,"column":71}},"25":{"start":{"line":82,"column":4},"end":{"line":82,"column":18}},"26":{"start":{"line":86,"column":21},"end":{"line":86,"column":22}},"27":{"start":{"line":88,"column":4},"end":{"line":94,"column":91}},"28":{"start":{"line":89,"column":8},"end":{"line":89,"column":23}},"29":{"start":{"line":90,"column":9},"end":{"line":94,"column":91}},"30":{"start":{"line":91,"column":8},"end":{"line":91,"column":41}},"31":{"start":{"line":93,"column":8},"end":{"line":94,"column":91}},"32":{"start":{"line":96,"column":4},"end":{"line":96,"column":22}},"33":{"start":{"line":100,"column":21},"end":{"line":100,"column":22}},"34":{"start":{"line":102,"column":4},"end":{"line":103,"column":23}},"35":{"start":{"line":103,"column":8},"end":{"line":103,"column":23}},"36":{"start":{"line":105,"column":4},"end":{"line":105,"column":22}},"37":{"start":{"line":108,"column":21},"end":{"line":115,"column":1}},"38":{"start":{"line":109,"column":17},"end":{"line":109,"column":18}},"39":{"start":{"line":111,"column":4},"end":{"line":112,"column":84}},"40":{"start":{"line":112,"column":8},"end":{"line":112,"column":84}},"41":{"start":{"line":112,"column":40},"end":{"line":112,"column":82}},"42":{"start":{"line":114,"column":4},"end":{"line":114,"column":18}},"43":{"start":{"line":117,"column":31},"end":{"line":119,"column":1}},"44":{"start":{"line":118,"column":4},"end":{"line":118,"column":102}},"45":{"start":{"line":122,"column":4},"end":{"line":122,"column":50}},"46":{"start":{"line":122,"column":31},"end":{"line":122,"column":48}},"47":{"start":{"line":123,"column":4},"end":{"line":128,"column":7}},"48":{"start":{"line":124,"column":8},"end":{"line":124,"column":33}},"49":{"start":{"line":125,"column":8},"end":{"line":125,"column":33}},"50":{"start":{"line":126,"column":8},"end":{"line":126,"column":26}},"51":{"start":{"line":127,"column":8},"end":{"line":127,"column":27}},"52":{"start":{"line":130,"column":4},"end":{"line":130,"column":28}},"53":{"start":{"line":131,"column":4},"end":{"line":131,"column":29}},"54":{"start":{"line":132,"column":4},"end":{"line":132,"column":26}},"55":{"start":{"line":133,"column":4},"end":{"line":133,"column":27}},"56":{"start":{"line":134,"column":4},"end":{"line":134,"column":30}},"57":{"start":{"line":135,"column":4},"end":{"line":135,"column":27}},"58":{"start":{"line":137,"column":4},"end":{"line":137,"column":13}},"59":{"start":{"line":140,"column":0},"end":{"line":140,"column":35}},"60":{"start":{"line":141,"column":0},"end":{"line":141,"column":37}},"61":{"start":{"line":142,"column":0},"end":{"line":142,"column":57}},"62":{"start":{"line":143,"column":0},"end":{"line":143,"column":59}},"63":{"start":{"line":144,"column":0},"end":{"line":144,"column":51}},"64":{"start":{"line":145,"column":0},"end":{"line":145,"column":53}},"65":{"start":{"line":146,"column":0},"end":{"line":146,"column":57}},"66":{"start":{"line":147,"column":0},"end":{"line":147,"column":61}},"67":{"start":{"line":148,"column":0},"end":{"line":148,"column":55}},"68":{"start":{"line":150,"column":0},"end":{"line":150,"column":43}},"69":{"start":{"line":151,"column":0},"end":{"line":151,"column":61}},"70":{"start":{"line":152,"column":0},"end":{"line":152,"column":51}},"71":{"start":{"line":153,"column":0},"end":{"line":153,"column":63}},"72":{"start":{"line":154,"column":0},"end":{"line":154,"column":63}},"73":{"start":{"line":155,"column":0},"end":{"line":155,"column":45}},"74":{"start":{"line":156,"column":0},"end":{"line":156,"column":63}}},"fnMap":{"0":{"name":"updateVehicleQuantity","decl":{"start":{"line":58,"column":9},"end":{"line":58,"column":30}},"loc":{"start":{"line":58,"column":60},"end":{"line":67,"column":1}},"line":58},"1":{"name":"(anonymous_1)","decl":{"start":{"line":59,"column":43},"end":{"line":59,"column":44}},"loc":{"start":{"line":59,"column":53},"end":{"line":59,"column":71}},"line":59},"2":{"name":"getVehiclesCount","decl":{"start":{"line":69,"column":9},"end":{"line":69,"column":25}},"loc":{"start":{"line":69,"column":40},"end":{"line":83,"column":1}},"line":69},"3":{"name":"getFreeBikeCountOffer1","decl":{"start":{"line":85,"column":9},"end":{"line":85,"column":31}},"loc":{"start":{"line":85,"column":47},"end":{"line":97,"column":1}},"line":85},"4":{"name":"getFreeBikeCountOffer2","decl":{"start":{"line":99,"column":9},"end":{"line":99,"column":31}},"loc":{"start":{"line":99,"column":47},"end":{"line":106,"column":1}},"line":99},"5":{"name":"(anonymous_5)","decl":{"start":{"line":108,"column":21},"end":{"line":108,"column":22}},"loc":{"start":{"line":108,"column":39},"end":{"line":115,"column":1}},"line":108},"6":{"name":"(anonymous_6)","decl":{"start":{"line":112,"column":29},"end":{"line":112,"column":30}},"loc":{"start":{"line":112,"column":40},"end":{"line":112,"column":82}},"line":112},"7":{"name":"(anonymous_7)","decl":{"start":{"line":117,"column":31},"end":{"line":117,"column":32}},"loc":{"start":{"line":117,"column":44},"end":{"line":119,"column":1}},"line":117},"8":{"name":"resetAllData","decl":{"start":{"line":121,"column":9},"end":{"line":121,"column":21}},"loc":{"start":{"line":121,"column":23},"end":{"line":138,"column":1}},"line":121},"9":{"name":"(anonymous_9)","decl":{"start":{"line":122,"column":21},"end":{"line":122,"column":22}},"loc":{"start":{"line":122,"column":31},"end":{"line":122,"column":48}},"line":122},"10":{"name":"(anonymous_10)","decl":{"start":{"line":123,"column":22},"end":{"line":123,"column":23}},"loc":{"start":{"line":123,"column":32},"end":{"line":128,"column":5}},"line":123}},"branchMap":{"0":{"loc":{"start":{"line":61,"column":4},"end":{"line":64,"column":5}},"type":"if","locations":[{"start":{"line":61,"column":4},"end":{"line":64,"column":5}},{"start":{"line":61,"column":4},"end":{"line":64,"column":5}}],"line":61},"1":{"loc":{"start":{"line":61,"column":7},"end":{"line":61,"column":72}},"type":"binary-expr","locations":[{"start":{"line":61,"column":7},"end":{"line":61,"column":21}},{"start":{"line":61,"column":25},"end":{"line":61,"column":72}}],"line":61},"2":{"loc":{"start":{"line":61,"column":27},"end":{"line":61,"column":71}},"type":"binary-expr","locations":[{"start":{"line":61,"column":27},"end":{"line":61,"column":39}},{"start":{"line":61,"column":43},"end":{"line":61,"column":71}}],"line":61},"3":{"loc":{"start":{"line":72,"column":4},"end":{"line":80,"column":5}},"type":"if","locations":[{"start":{"line":72,"column":4},"end":{"line":80,"column":5}},{"start":{"line":72,"column":4},"end":{"line":80,"column":5}}],"line":72},"4":{"loc":{"start":{"line":72,"column":7},"end":{"line":72,"column":48}},"type":"binary-expr","locations":[{"start":{"line":72,"column":7},"end":{"line":72,"column":26}},{"start":{"line":72,"column":30},"end":{"line":72,"column":48}}],"line":72},"5":{"loc":{"start":{"line":76,"column":12},"end":{"line":78,"column":71}},"type":"if","locations":[{"start":{"line":76,"column":12},"end":{"line":78,"column":71}},{"start":{"line":76,"column":12},"end":{"line":78,"column":71}}],"line":76},"6":{"loc":{"start":{"line":77,"column":17},"end":{"line":78,"column":71}},"type":"if","locations":[{"start":{"line":77,"column":17},"end":{"line":78,"column":71}},{"start":{"line":77,"column":17},"end":{"line":78,"column":71}}],"line":77},"7":{"loc":{"start":{"line":78,"column":17},"end":{"line":78,"column":71}},"type":"if","locations":[{"start":{"line":78,"column":17},"end":{"line":78,"column":71}},{"start":{"line":78,"column":17},"end":{"line":78,"column":71}}],"line":78},"8":{"loc":{"start":{"line":88,"column":4},"end":{"line":94,"column":91}},"type":"if","locations":[{"start":{"line":88,"column":4},"end":{"line":94,"column":91}},{"start":{"line":88,"column":4},"end":{"line":94,"column":91}}],"line":88},"9":{"loc":{"start":{"line":88,"column":7},"end":{"line":88,"column":72}},"type":"binary-expr","locations":[{"start":{"line":88,"column":7},"end":{"line":88,"column":29}},{"start":{"line":88,"column":33},"end":{"line":88,"column":72}}],"line":88},"10":{"loc":{"start":{"line":90,"column":9},"end":{"line":94,"column":91}},"type":"if","locations":[{"start":{"line":90,"column":9},"end":{"line":94,"column":91}},{"start":{"line":90,"column":9},"end":{"line":94,"column":91}}],"line":90},"11":{"loc":{"start":{"line":102,"column":4},"end":{"line":103,"column":23}},"type":"if","locations":[{"start":{"line":102,"column":4},"end":{"line":103,"column":23}},{"start":{"line":102,"column":4},"end":{"line":103,"column":23}}],"line":102},"12":{"loc":{"start":{"line":102,"column":8},"end":{"line":102,"column":59}},"type":"binary-expr","locations":[{"start":{"line":102,"column":8},"end":{"line":102,"column":30}},{"start":{"line":102,"column":34},"end":{"line":102,"column":59}}],"line":102},"13":{"loc":{"start":{"line":111,"column":4},"end":{"line":112,"column":84}},"type":"if","locations":[{"start":{"line":111,"column":4},"end":{"line":112,"column":84}},{"start":{"line":111,"column":4},"end":{"line":112,"column":84}}],"line":111},"14":{"loc":{"start":{"line":111,"column":7},"end":{"line":111,"column":67}},"type":"binary-expr","locations":[{"start":{"line":111,"column":7},"end":{"line":111,"column":26}},{"start":{"line":111,"column":30},"end":{"line":111,"column":67}}],"line":111},"15":{"loc":{"start":{"line":118,"column":11},"end":{"line":118,"column":102}},"type":"cond-expr","locations":[{"start":{"line":118,"column":66},"end":{"line":118,"column":98}},{"start":{"line":118,"column":101},"end":{"line":118,"column":102}}],"line":118},"16":{"loc":{"start":{"line":118,"column":12},"end":{"line":118,"column":62}},"type":"binary-expr","locations":[{"start":{"line":118,"column":12},"end":{"line":118,"column":26}},{"start":{"line":118,"column":30},"end":{"line":118,"column":62}}],"line":118}},"s":{"0":1,"1":1,"2":1,"3":1,"4":1,"5":1,"6":1,"7":1,"8":5,"9":9,"10":5,"11":2,"12":2,"13":5,"14":4,"15":4,"16":3,"17":3,"18":8,"19":8,"20":2,"21":6,"22":2,"23":4,"24":2,"25":4,"26":7,"27":7,"28":2,"29":5,"30":2,"31":3,"32":7,"33":7,"34":7,"35":3,"36":7,"37":1,"38":7,"39":7,"40":3,"41":12,"42":7,"43":1,"44":7,"45":1,"46":4,"47":1,"48":2,"49":2,"50":2,"51":2,"52":1,"53":1,"54":1,"55":1,"56":1,"57":1,"58":1,"59":1,"60":1,"61":1,"62":1,"63":1,"64":1,"65":1,"66":1,"67":1,"68":1,"69":1,"70":1,"71":1,"72":1,"73":1,"74":1},"f":{"0":5,"1":9,"2":4,"3":7,"4":7,"5":7,"6":12,"7":7,"8":1,"9":4,"10":2},"b":{"0":[2,3],"1":[5,3],"2":[3,2],"3":[3,1],"4":[4,3],"5":[2,6],"6":[2,4],"7":[2,2],"8":[2,5],"9":[7,6],"10":[2,3],"11":[3,4],"12":[7,6],"13":[3,4],"14":[7,5],"15":[3,4],"16":[7,5]},"_coverageSchema":"1a1c01bbd47fc00a2c39e90264f33305004495a9","hash":"7add36d96c25bcddcc5e5aa1f051b5490ab34e0a"}
,"C:\\Users\\ehajrau\\Desktop\\Rental-Company\\tests\\mock.js": {"path":"C:\\Users\\ehajrau\\Desktop\\Rental-Company\\tests\\mock.js","statementMap":{"0":{"start":{"line":1,"column":27},"end":{"line":33,"column":1}},"1":{"start":{"line":1,"column":33},"end":{"line":33,"column":1}},"2":{"start":{"line":35,"column":25},"end":{"line":49,"column":1}},"3":{"start":{"line":35,"column":31},"end":{"line":49,"column":1}},"4":{"start":{"line":51,"column":30},"end":{"line":51,"column":76}},"5":{"start":{"line":51,"column":36},"end":{"line":51,"column":76}},"6":{"start":{"line":52,"column":30},"end":{"line":52,"column":76}},"7":{"start":{"line":52,"column":36},"end":{"line":52,"column":76}},"8":{"start":{"line":53,"column":30},"end":{"line":53,"column":76}},"9":{"start":{"line":53,"column":36},"end":{"line":53,"column":76}},"10":{"start":{"line":54,"column":30},"end":{"line":54,"column":76}},"11":{"start":{"line":54,"column":36},"end":{"line":54,"column":76}},"12":{"start":{"line":57,"column":0},"end":{"line":57,"column":55}},"13":{"start":{"line":58,"column":0},"end":{"line":58,"column":51}},"14":{"start":{"line":59,"column":0},"end":{"line":59,"column":61}},"15":{"start":{"line":60,"column":0},"end":{"line":60,"column":61}},"16":{"start":{"line":61,"column":0},"end":{"line":61,"column":61}},"17":{"start":{"line":62,"column":0},"end":{"line":62,"column":61}}},"fnMap":{"0":{"name":"(anonymous_0)","decl":{"start":{"line":1,"column":27},"end":{"line":1,"column":28}},"loc":{"start":{"line":1,"column":33},"end":{"line":33,"column":1}},"line":1},"1":{"name":"(anonymous_1)","decl":{"start":{"line":35,"column":25},"end":{"line":35,"column":26}},"loc":{"start":{"line":35,"column":31},"end":{"line":49,"column":1}},"line":35},"2":{"name":"(anonymous_2)","decl":{"start":{"line":51,"column":30},"end":{"line":51,"column":31}},"loc":{"start":{"line":51,"column":36},"end":{"line":51,"column":76}},"line":51},"3":{"name":"(anonymous_3)","decl":{"start":{"line":52,"column":30},"end":{"line":52,"column":31}},"loc":{"start":{"line":52,"column":36},"end":{"line":52,"column":76}},"line":52},"4":{"name":"(anonymous_4)","decl":{"start":{"line":53,"column":30},"end":{"line":53,"column":31}},"loc":{"start":{"line":53,"column":36},"end":{"line":53,"column":76}},"line":53},"5":{"name":"(anonymous_5)","decl":{"start":{"line":54,"column":30},"end":{"line":54,"column":31}},"loc":{"start":{"line":54,"column":36},"end":{"line":54,"column":76}},"line":54}},"branchMap":{},"s":{"0":1,"1":13,"2":1,"3":1,"4":1,"5":0,"6":1,"7":0,"8":1,"9":0,"10":1,"11":0,"12":1,"13":1,"14":1,"15":1,"16":1,"17":1},"f":{"0":13,"1":1,"2":0,"3":0,"4":0,"5":0},"b":{},"_coverageSchema":"1a1c01bbd47fc00a2c39e90264f33305004495a9","hash":"f1359b3b9585e1da1301e816bea70d9d146da636"}
}
