TN:
SF:js\util.js
FN:58,updateVehicleQuantity
FN:59,(anonymous_1)
FN:69,getVehiclesCount
FN:85,getFreeBikeCountOffer1
FN:99,getFreeBikeCountOffer2
FN:108,(anonymous_5)
FN:112,(anonymous_6)
FN:117,(anonymous_7)
FN:121,resetAllData
FN:122,(anonymous_9)
FN:123,(anonymous_10)
FNF:11
FNH:11
FNDA:5,updateVehicleQuantity
FNDA:9,(anonymous_1)
FNDA:4,getVehiclesCount
FNDA:7,getFreeBikeCountOffer1
FNDA:7,getFreeBikeCountOffer2
FNDA:7,(anonymous_5)
FNDA:12,(anonymous_6)
FNDA:7,(anonymous_7)
FNDA:1,resetAllData
FNDA:4,(anonymous_9)
FNDA:2,(anonymous_10)
DA:1,1
DA:35,1
DA:51,1
DA:52,1
DA:53,1
DA:54,1
DA:55,1
DA:56,1
DA:59,9
DA:61,5
DA:62,2
DA:63,2
DA:66,5
DA:70,4
DA:72,4
DA:73,3
DA:74,8
DA:76,8
DA:77,6
DA:78,4
DA:82,4
DA:86,7
DA:88,7
DA:89,2
DA:90,5
DA:91,2
DA:93,3
DA:96,7
DA:100,7
DA:102,7
DA:103,3
DA:105,7
DA:108,1
DA:109,7
DA:111,7
DA:112,12
DA:114,7
DA:117,1
DA:118,7
DA:122,4
DA:123,1
DA:124,2
DA:125,2
DA:126,2
DA:127,2
DA:130,1
DA:131,1
DA:132,1
DA:133,1
DA:134,1
DA:135,1
DA:137,1
DA:140,1
DA:141,1
DA:142,1
DA:143,1
DA:144,1
DA:145,1
DA:146,1
DA:147,1
DA:148,1
DA:150,1
DA:151,1
DA:152,1
DA:153,1
DA:154,1
DA:155,1
DA:156,1
LF:68
LH:68
BRDA:61,0,0,2
BRDA:61,0,1,3
BRDA:61,1,0,5
BRDA:61,1,1,3
BRDA:61,2,0,3
BRDA:61,2,1,2
BRDA:72,3,0,3
BRDA:72,3,1,1
BRDA:72,4,0,4
BRDA:72,4,1,3
BRDA:76,5,0,2
BRDA:76,5,1,6
BRDA:77,6,0,2
BRDA:77,6,1,4
BRDA:78,7,0,2
BRDA:78,7,1,2
BRDA:88,8,0,2
BRDA:88,8,1,5
BRDA:88,9,0,7
BRDA:88,9,1,6
BRDA:90,10,0,2
BRDA:90,10,1,3
BRDA:102,11,0,3
BRDA:102,11,1,4
BRDA:102,12,0,7
BRDA:102,12,1,6
BRDA:111,13,0,3
BRDA:111,13,1,4
BRDA:111,14,0,7
BRDA:111,14,1,5
BRDA:118,15,0,3
BRDA:118,15,1,4
BRDA:118,16,0,7
BRDA:118,16,1,5
BRF:34
BRH:34
end_of_record
TN:
SF:tests\mock.js
FN:1,(anonymous_0)
FN:35,(anonymous_1)
FN:51,(anonymous_2)
FN:52,(anonymous_3)
FN:53,(anonymous_4)
FN:54,(anonymous_5)
FNF:6
FNH:2
FNDA:13,(anonymous_0)
FNDA:1,(anonymous_1)
FNDA:0,(anonymous_2)
FNDA:0,(anonymous_3)
FNDA:0,(anonymous_4)
FNDA:0,(anonymous_5)
DA:1,13
DA:35,1
DA:51,1
DA:52,1
DA:53,1
DA:54,1
DA:57,1
DA:58,1
DA:59,1
DA:60,1
DA:61,1
DA:62,1
LF:12
LH:12
BRF:0
BRH:0
end_of_record
